2020-08-21 13:21:17 INFO *******************************************************************************************
2020-08-21 13:21:17 INFO *******************************************************************************************
2020-08-21 13:21:17 INFO                     Regression Suite One Existing Account
2020-08-21 13:21:17 INFO *******************************************************************************************
2020-08-21 13:21:17 INFO *******************************************************************************************
2020-08-21 13:21:19 INFO Date-Time stamp for regression suite test run: 2020-08-21-1321_RegressionSuiteOneExAcct.log
2020-08-21 13:21:19 INFO ----------------------------
2020-08-21 13:21:19 INFO Starting Web Orders
2020-08-21 13:21:19 INFO ----------------------------
2020-08-21 13:21:23 INFO Login to Website
2020-08-21 13:21:30 INFO ----- Starting WebOrderCC -----
2020-08-21 13:21:30 INFO Add a filter to the order
2020-08-21 13:21:30 INFO --- Starting OrderFilter ---
2020-08-21 13:21:30 INFO Search for a filter
2020-08-21 13:21:42 INFO Click Buy Now
2020-08-21 13:21:52 INFO Click Secure Checkout
2020-08-21 13:21:53 INFO --- Ending OrderFilter ---
2020-08-21 13:23:00 INFO Close PopUp
2020-08-21 13:23:00 INFO ----- Ending WebOderCC -----
2020-08-21 13:23:00 INFO ----- Starting WebOrderGiftCard -----
2020-08-21 13:23:00 INFO Add a filter to the order
2020-08-21 13:23:00 INFO --- Starting OrderFilter ---
2020-08-21 13:23:00 INFO Search for a filter
2020-08-21 13:23:08 INFO Click Buy Now
2020-08-21 13:23:15 INFO Click Secure Checkout
2020-08-21 13:23:16 INFO --- Ending OrderFilter ---
2020-08-21 13:23:19 INFO Enter Gift Card info
2020-08-21 13:23:37 INFO Submit Gift Card payment
2020-08-21 13:23:46 INFO Close PopoUp
2020-08-21 13:23:46 INFO ----- Ending WebOrderGiftCard -----
2020-08-21 13:23:46 INFO ---------------------------
2020-08-21 13:23:46 INFO Ending Web Orders
2020-08-21 13:23:46 INFO ---------------------------
2020-08-21 13:23:46 INFO -------------------------------
2020-08-21 13:23:46 INFO Starting Phone Orders
2020-08-21 13:23:46 INFO -------------------------------
2020-08-21 13:23:49 INFO ----- Starting PhoneOrderCC -----
2020-08-21 13:23:49 INFO Starting Phone Order Base
2020-08-21 13:23:54 INFO Search for name of Customer
2020-08-21 13:23:56 INFO Select Customer found
2020-08-21 13:24:08 INFO Hit Continue
2020-08-21 13:24:10 INFO Search for a Filter
2020-08-21 13:24:22 INFO Select Filter
2020-08-21 13:24:38 INFO Add Filter to cart
2020-08-21 13:24:38 INFO Hit Continue
2020-08-21 13:24:44 INFO Ending Phone Order Base
2020-08-21 13:24:44 INFO Click Submit
2020-08-21 13:24:49 INFO ----- Ending PhoneOrderCC -----
2020-08-21 13:24:49 INFO ----- Starting PhoneOrderMailingCheck -----
2020-08-21 13:24:49 INFO Starting Phone Order Base
2020-08-21 13:24:54 INFO Search for name of Customer
2020-08-21 13:24:57 INFO Select Customer found
2020-08-21 13:25:08 INFO Hit Continue
2020-08-21 13:25:11 INFO Search for a Filter
2020-08-21 13:25:23 INFO Select Filter
2020-08-21 13:25:39 INFO Add Filter to cart
2020-08-21 13:25:39 INFO Hit Continue
2020-08-21 13:25:43 INFO Ending Phone Order Base
2020-08-21 13:25:43 INFO Select Mail Check order option and submit order
2020-08-21 13:25:46 INFO ----- Ending PhoneOrderMailingCheck -----
2020-08-21 13:25:46 INFO ----- Starting PhoneOrderManualSplitPayment -----
2020-08-21 13:25:46 INFO Starting Phone Order Base
2020-08-21 13:25:50 INFO Search for name of Customer
2020-08-21 13:25:52 INFO Select Customer found
2020-08-21 13:26:04 INFO Hit Continue
2020-08-21 13:26:06 INFO Search for a Filter
2020-08-21 13:26:18 INFO Select Filter
2020-08-21 13:26:34 INFO Add Filter to cart
2020-08-21 13:26:34 INFO Hit Continue
2020-08-21 13:26:39 INFO Ending Phone Order Base
2020-08-21 13:26:39 INFO Select Manual or Split Payment option and submit order
2020-08-21 13:26:41 INFO ----- Ending PhoneOrderManualSplitPayment -----
2020-08-21 13:26:41 INFO ----- Starting PhoneOrderNoPaymentRequired -----
2020-08-21 13:26:41 INFO Starting Phone Order Base
2020-08-21 13:26:45 INFO Search for name of Customer
2020-08-21 13:26:48 INFO Select Customer found
2020-08-21 13:26:58 INFO Hit Continue
2020-08-21 13:27:01 INFO Search for a Filter
2020-08-21 13:27:13 INFO Select Filter
2020-08-21 13:27:28 INFO Add Filter to cart
2020-08-21 13:27:28 INFO Hit Continue
2020-08-21 13:27:34 INFO Ending Phone Order Base
2020-08-21 13:27:34 INFO Select No Payment Required option and submit order
2020-08-21 13:27:37 INFO ----- Ending PhoneOrderNoPaymentRequired -----
2020-08-21 13:27:37 INFO ----- Starting PhoneOrderECheck
2020-08-21 13:27:37 INFO Starting Phone Order Base
2020-08-21 13:27:42 INFO Search for name of Customer
2020-08-21 13:27:44 INFO Select Customer found
2020-08-21 13:27:55 INFO Hit Continue
2020-08-21 13:27:58 INFO Search for a Filter
2020-08-21 13:28:10 INFO Select Filter
2020-08-21 13:28:26 INFO Add Filter to cart
2020-08-21 13:28:26 INFO Hit Continue
2020-08-21 13:28:31 INFO Ending Phone Order Base
2020-08-21 13:28:31 INFO Enter E-Check option and info
2020-08-21 13:28:31 INFO Click Submit
2020-08-21 13:28:36 INFO ----- Ending PhoneOrderECheck
2020-08-21 13:28:36 INFO ----- Starting PhoneOderGiftCard -----
2020-08-21 13:28:36 INFO Starting Phone Order Base
2020-08-21 13:28:40 INFO Search for name of Customer
2020-08-21 13:28:43 INFO Select Customer found
2020-08-21 13:28:53 INFO Hit Continue
2020-08-21 13:28:56 INFO Search for a Filter
2020-08-21 13:29:08 INFO Select Filter
2020-08-21 13:29:23 INFO Add Filter to cart
2020-08-21 13:29:23 INFO Hit Continue
2020-08-21 13:29:27 INFO Ending Phone Order Base
2020-08-21 13:29:27 INFO Select Gift Card option and enter info
2020-08-21 13:29:30 INFO Click Gist Code Submit button
2020-08-21 13:29:33 INFO ----- Ending PhoneOrderGiftCard -----
2020-08-21 13:29:33 INFO ----------------------------
2020-08-21 13:29:33 INFO Ending Phone Orders
2020-08-21 13:29:33 INFO ----------------------------
2020-08-21 13:29:33 INFO XXXXXXXXXXXXXXXXXXXXXXXXXXXXXXXXXXXXXXXXXXXXXXXXXXXXXXXXXXXXXXXXXXXXXXXXXXXXXXXXXXXXXXXXXXXXXXX
2020-08-21 13:29:33 INFO                       Ending Regression Suite One Existing Account
2020-08-21 13:29:33 INFO XXXXXXXXXXXXXXXXXXXXXXXXXXXXXXXXXXXXXXXXXXXXXXXXXXXXXXXXXXXXXXXXXXXXXXXXXXXXXXXXXXXXXXXXXXXXXXX
