Starting ChromeDriver 83.0.4103.39 (ccbf011cb2d2b19b506d844400483861342c20cd-refs/branch-heads/4103@{#416}) on port 12047
Only local connections are allowed.
Please see https://chromedriver.chromium.org/security-considerations for suggestions on keeping ChromeDriver safe.
ChromeDriver was started successfully.
Jun 30, 2020 11:52:12 AM org.openqa.selenium.remote.ProtocolHandshake createSession
INFO: Detected dialect: W3C
Jun 30, 2020 11:52:12 AM Utilities.Log info
INFO: Chrome Driver Launched

New log filename is: 2020-06-30-1152_RegressionSuiteOneExAcct.log

=============================
     Starting Web Orders
=============================
===============================
     Starting Phone Orders
===============================
===============================
     Starting PhoneOrderCC
===============================
=============================
     Ending PhoneOrderCC
=============================
========================================
     Starting PhoneOderMailingCheck
========================================
=======================================
     Ending PhoneOrderMailingCheck
=======================================
===============================================
     Starting PhoneOrderManualSplitPayment
===============================================
=============================================
     Ending PhoneOrderManualSplitPayment
=============================================
==============================================
     Starting PhoneOrderNoPaymentRequired
==============================================
============================================
     Ending PhoneOrderNoPaymentRequired
============================================
===================================
     Starting PhoneOrderECheck
===================================
=================================
     Ending PhoneOrderECheck
=================================
=====================================
     Starting PhoneOrderGiftCard
=====================================
===================================
     Ending PhoneOrderGiftCard
===================================

New log filename is: 2020-06-30-1154_RegressionSuiteOneExAcct.log

