Starting ChromeDriver 83.0.4103.39 (ccbf011cb2d2b19b506d844400483861342c20cd-refs/branch-heads/4103@{#416}) on port 18618
Only local connections are allowed.
Please see https://chromedriver.chromium.org/security-considerations for suggestions on keeping ChromeDriver safe.
ChromeDriver was started successfully.
Jul 20, 2020 2:00:24 PM org.openqa.selenium.remote.ProtocolHandshake createSession
INFO: Detected dialect: W3C
2020-07-20 14:00:25,113 INFO  - **************************************************************************************
2020-07-20 14:00:25,117 INFO  - **************************************************************************************
2020-07-20 14:00:25,117 INFO  -                     Regression Suite One Existing Account
2020-07-20 14:00:25,118 INFO  - **************************************************************************************
2020-07-20 14:00:25,118 INFO  - **************************************************************************************
2020-07-20 14:00:27,280 INFO  - Date-Time stamp for regression suite test run: 2020-07-20-1400_RegressionSuiteOneExAcct.log
2020-07-20 14:00:27,281 INFO  - ----------------------------
2020-07-20 14:00:27,281 INFO  -     Starting Web Orders
2020-07-20 14:00:27,281 INFO  - ----------------------------
2020-07-20 14:00:30,745 INFO  - Login to Website
2020-07-20 14:00:41,143 INFO  - ----- Starting WebOrderCC -----
2020-07-20 14:00:41,147 INFO  - Add a filter to the order
2020-07-20 14:00:41,155 INFO  - Starting OrderFilter
2020-07-20 14:00:41,156 INFO  - Search for a filter
2020-07-20 14:01:03,327 INFO  - Click Buy Now
2020-07-20 14:01:28,539 INFO  - Click Secure Checkout
2020-07-20 14:01:28,769 INFO  - Ending OrderFilter
2020-07-20 14:02:25,430 INFO  - Close PopUp
2020-07-20 14:02:25,432 INFO  - ----- Ending WebOderCC -----
2020-07-20 14:02:25,439 INFO  - ----- Starting WebOrderGiftCard -----
2020-07-20 14:02:25,451 INFO  - Add a filter to the order
2020-07-20 14:02:25,455 INFO  - Starting OrderFilter
2020-07-20 14:02:25,456 INFO  - Search for a filter
2020-07-20 14:02:32,665 INFO  - Click Buy Now
2020-07-20 14:02:56,507 INFO  - Click Secure Checkout
2020-07-20 14:02:59,791 INFO  - Ending OrderFilter
2020-07-20 14:03:02,800 INFO  - Enter Gift Card info
2020-07-20 14:03:17,967 INFO  - Submit Gift Card payment
2020-07-20 14:03:25,543 INFO  - Close PopoUp
2020-07-20 14:03:25,587 INFO  - ----- Ending WebOrderGiftCard -----
2020-07-20 14:03:25,588 INFO  - ---------------------------
2020-07-20 14:03:25,588 INFO  -      Ending Web Orders
2020-07-20 14:03:25,588 INFO  - ---------------------------
2020-07-20 14:03:25,588 INFO  - -------------------------------
2020-07-20 14:03:25,588 INFO  -      Starting Phone Orders
2020-07-20 14:03:25,589 INFO  - -------------------------------
2020-07-20 14:03:28,543 INFO  - ----- Starting PhoneOrderCC -----
2020-07-20 14:03:28,547 INFO  - Starting Phone Order Base
2020-07-20 14:03:32,514 INFO  - Search for name of Customer
2020-07-20 14:03:33,582 INFO  - Select Customer found
2020-07-20 14:03:34,844 INFO  - Hit Continue
2020-07-20 14:03:56,300 INFO  - Ending Phone Order Base
2020-07-20 14:03:56,300 INFO  - Click Submit
2020-07-20 14:04:00,351 INFO  - ----- Ending PhoneOrderCC -----
2020-07-20 14:04:00,355 INFO  - ----- Starting PhoneOrderMailingCheck -----
2020-07-20 14:04:00,355 INFO  - Starting Phone Order Base
2020-07-20 14:04:04,347 INFO  - Search for name of Customer
2020-07-20 14:04:04,858 INFO  - Select Customer found
2020-07-20 14:04:05,593 INFO  - Hit Continue
2020-07-20 14:04:25,811 INFO  - Ending Phone Order Base
2020-07-20 14:04:25,812 INFO  - Select Mail Check order option and submit order
2020-07-20 14:04:28,371 INFO  - ----- Ending PhoneOrderMailingCheck -----
2020-07-20 14:04:28,375 INFO  - ----- Starting PhoneOrderManualSplitPayment -----
2020-07-20 14:04:28,376 INFO  - Starting Phone Order Base
2020-07-20 14:04:32,363 INFO  - Search for name of Customer
2020-07-20 14:04:32,892 INFO  - Select Customer found
2020-07-20 14:04:33,505 INFO  - Hit Continue
2020-07-20 14:04:53,783 INFO  - Ending Phone Order Base
2020-07-20 14:04:53,784 INFO  - Select Manual or Split Payment option and submit order
2020-07-20 14:04:56,289 INFO  - ----- Ending PhoneOrderManualSplitPayment -----
2020-07-20 14:04:56,292 INFO  - ----- Starting PhoneOrderNoPaymentRequired -----
2020-07-20 14:04:56,293 INFO  - Starting Phone Order Base
2020-07-20 14:05:00,199 INFO  - Search for name of Customer
2020-07-20 14:05:00,705 INFO  - Select Customer found
2020-07-20 14:05:01,279 INFO  - Hit Continue
2020-07-20 14:05:21,974 INFO  - Ending Phone Order Base
2020-07-20 14:05:21,975 INFO  - Select No Payment Required option and submit order
2020-07-20 14:05:22,110 INFO  - ----- Ending PhoneOrderNoPaymentRequired -----
2020-07-20 14:05:22,113 INFO  - ----- Starting PhoneOrderECheck
2020-07-20 14:05:22,113 INFO  - Starting Phone Order Base
2020-07-20 14:05:26,186 INFO  - Search for name of Customer
2020-07-20 14:05:26,674 INFO  - Select Customer found
2020-07-20 14:05:27,264 INFO  - Hit Continue
2020-07-20 14:05:47,773 INFO  - Ending Phone Order Base
2020-07-20 14:05:47,774 INFO  - Enter E-Check option and info
2020-07-20 14:05:48,095 INFO  - Click Submit
2020-07-20 14:05:51,626 INFO  - ----- Ending PhoneOrderECheck
2020-07-20 14:05:51,631 INFO  - ----- Starting PhoneOderGiftCard -----
2020-07-20 14:05:51,632 INFO  - Starting Phone Order Base
2020-07-20 14:05:55,548 INFO  - Search for name of Customer
2020-07-20 14:05:56,169 INFO  - Select Customer found
2020-07-20 14:05:57,117 INFO  - Hit Continue
2020-07-20 14:06:17,734 INFO  - Ending Phone Order Base
2020-07-20 14:06:17,735 INFO  - Select Gift Card option and enter info
2020-07-20 14:06:21,765 INFO  - Click Gist Code Submit button
2020-07-20 14:06:24,968 INFO  - ----- Ending PhoneOrderGiftCard -----
