Starting ChromeDriver 83.0.4103.39 (ccbf011cb2d2b19b506d844400483861342c20cd-refs/branch-heads/4103@{#416}) on port 13763
Only local connections are allowed.
Please see https://chromedriver.chromium.org/security-considerations for suggestions on keeping ChromeDriver safe.
ChromeDriver was started successfully.
Jul 20, 2020 4:07:45 PM org.openqa.selenium.remote.ProtocolHandshake createSession
INFO: Detected dialect: W3C
2020-07-20 16:07:46,079 INFO  - **************************************************************************************
2020-07-20 16:07:46,082 INFO  - **************************************************************************************
2020-07-20 16:07:46,083 INFO  -                     Regression Suite One Existing Account
2020-07-20 16:07:46,083 INFO  - **************************************************************************************
2020-07-20 16:07:46,083 INFO  - **************************************************************************************
2020-07-20 16:07:48,267 INFO  - Date-Time stamp for regression suite test run: 2020-07-20-1607_RegressionSuiteOneExAcct.log
2020-07-20 16:07:48,268 INFO  - ----------------------------
2020-07-20 16:07:48,269 INFO  -     Starting Web Orders
2020-07-20 16:07:48,269 INFO  - ----------------------------
2020-07-20 16:07:52,559 INFO  - Login to Website
2020-07-20 16:08:02,442 INFO  - ----- Starting WebOrderCC -----
2020-07-20 16:08:02,453 INFO  - Add a filter to the order
2020-07-20 16:08:02,459 INFO  - Starting OrderFilter
2020-07-20 16:08:02,460 INFO  - Search for a filter
2020-07-20 16:08:25,016 INFO  - Click Buy Now
2020-07-20 16:08:34,515 INFO  - Click Secure Checkout
2020-07-20 16:08:35,013 INFO  - Ending OrderFilter
2020-07-20 16:09:39,596 INFO  - Close PopUp
2020-07-20 16:09:39,596 INFO  - ----- Ending WebOderCC -----
2020-07-20 16:09:39,597 INFO  - ----- Starting WebOrderGiftCard -----
2020-07-20 16:09:39,600 INFO  - Add a filter to the order
2020-07-20 16:09:39,603 INFO  - Starting OrderFilter
2020-07-20 16:09:39,604 INFO  - Search for a filter
2020-07-20 16:09:46,707 INFO  - Click Buy Now
2020-07-20 16:10:11,880 INFO  - Click Secure Checkout
2020-07-20 16:10:12,036 INFO  - Ending OrderFilter
2020-07-20 16:10:15,040 INFO  - Enter Gift Card info
2020-07-20 16:10:30,407 INFO  - Submit Gift Card payment
2020-07-20 16:10:38,112 INFO  - Close PopoUp
2020-07-20 16:10:38,154 INFO  - ----- Ending WebOrderGiftCard -----
2020-07-20 16:10:38,154 INFO  - ---------------------------
2020-07-20 16:10:38,155 INFO  -      Ending Web Orders
2020-07-20 16:10:38,155 INFO  - ---------------------------
2020-07-20 16:10:38,155 INFO  - -------------------------------
2020-07-20 16:10:38,155 INFO  -      Starting Phone Orders
2020-07-20 16:10:38,155 INFO  - -------------------------------
2020-07-20 16:10:40,446 INFO  - ----- Starting PhoneOrderCC -----
2020-07-20 16:10:40,446 INFO  - Starting Phone Order Base
2020-07-20 16:10:44,589 INFO  - Search for name of Customer
2020-07-20 16:10:45,293 INFO  - Select Customer found
2020-07-20 16:10:46,856 INFO  - Hit Continue
2020-07-20 16:11:08,057 INFO  - Ending Phone Order Base
2020-07-20 16:11:08,058 INFO  - Click Submit
2020-07-20 16:11:14,858 INFO  - ----- Ending PhoneOrderCC -----
2020-07-20 16:11:14,859 INFO  - ----- Starting PhoneOrderMailingCheck -----
2020-07-20 16:11:14,860 INFO  - Starting Phone Order Base
2020-07-20 16:11:18,958 INFO  - Search for name of Customer
2020-07-20 16:11:19,402 INFO  - Select Customer found
2020-07-20 16:11:19,913 INFO  - Hit Continue
2020-07-20 16:11:39,738 INFO  - Ending Phone Order Base
2020-07-20 16:11:39,738 INFO  - Select Mail Check order option and submit order
2020-07-20 16:11:42,288 INFO  - ----- Ending PhoneOrderMailingCheck -----
2020-07-20 16:11:42,289 INFO  - ----- Starting PhoneOrderManualSplitPayment -----
2020-07-20 16:11:42,289 INFO  - Starting Phone Order Base
2020-07-20 16:11:46,353 INFO  - Search for name of Customer
2020-07-20 16:11:46,840 INFO  - Select Customer found
2020-07-20 16:11:47,358 INFO  - Hit Continue
2020-07-20 16:12:07,146 INFO  - Ending Phone Order Base
2020-07-20 16:12:07,146 INFO  - Select Manual or Split Payment option and submit order
2020-07-20 16:12:09,594 INFO  - ----- Ending PhoneOrderManualSplitPayment -----
2020-07-20 16:12:09,595 INFO  - ----- Starting PhoneOrderNoPaymentRequired -----
2020-07-20 16:12:09,595 INFO  - Starting Phone Order Base
2020-07-20 16:12:13,487 INFO  - Search for name of Customer
2020-07-20 16:12:13,974 INFO  - Select Customer found
2020-07-20 16:12:14,546 INFO  - Hit Continue
2020-07-20 16:12:35,406 INFO  - Ending Phone Order Base
2020-07-20 16:12:35,406 INFO  - Select No Payment Required option and submit order
2020-07-20 16:12:40,639 INFO  - ----- Ending PhoneOrderNoPaymentRequired -----
2020-07-20 16:12:40,640 INFO  - ----- Starting PhoneOrderECheck
2020-07-20 16:12:40,640 INFO  - Starting Phone Order Base
2020-07-20 16:12:44,505 INFO  - Search for name of Customer
2020-07-20 16:12:44,932 INFO  - Select Customer found
2020-07-20 16:12:45,421 INFO  - Hit Continue
2020-07-20 16:13:06,337 INFO  - Ending Phone Order Base
2020-07-20 16:13:06,338 INFO  - Enter E-Check option and info
2020-07-20 16:13:06,636 INFO  - Click Submit
2020-07-20 16:13:09,570 INFO  - ----- Ending PhoneOrderECheck
2020-07-20 16:13:09,571 INFO  - ----- Starting PhoneOderGiftCard -----
2020-07-20 16:13:09,571 INFO  - Starting Phone Order Base
2020-07-20 16:13:13,593 INFO  - Search for name of Customer
2020-07-20 16:13:14,155 INFO  - Select Customer found
2020-07-20 16:13:14,680 INFO  - Hit Continue
2020-07-20 16:13:34,485 INFO  - Ending Phone Order Base
2020-07-20 16:13:34,485 INFO  - Select Gift Card option and enter info
2020-07-20 16:13:36,308 INFO  - Click Gist Code Submit button
2020-07-20 16:13:38,961 INFO  - ----- Ending PhoneOrderGiftCard -----
