Starting ChromeDriver 83.0.4103.39 (ccbf011cb2d2b19b506d844400483861342c20cd-refs/branch-heads/4103@{#416}) on port 4749
Only local connections are allowed.
Please see https://chromedriver.chromium.org/security-considerations for suggestions on keeping ChromeDriver safe.
ChromeDriver was started successfully.
[1595959605.211][WARNING]: This version of ChromeDriver has not been tested with Chrome version 84.
Jul 28, 2020 11:06:47 AM org.openqa.selenium.remote.ProtocolHandshake createSession
INFO: Detected dialect: W3C
2020-07-28 11:06:47,682 INFO  - *******************************************************************************************
2020-07-28 11:06:47,685 INFO  - *******************************************************************************************
2020-07-28 11:06:47,686 INFO  -                     Regression Suite One Existing Account
2020-07-28 11:06:47,686 INFO  - *******************************************************************************************
2020-07-28 11:06:47,686 INFO  - *******************************************************************************************
2020-07-28 11:06:49,833 INFO  - Date-Time stamp for regression suite test run: 2020-07-28-1106_RegressionSuiteOneExAcct.log
2020-07-28 11:06:49,833 INFO  - ----------------------------
2020-07-28 11:06:49,834 INFO  - Starting Web Orders
2020-07-28 11:06:49,834 INFO  - ----------------------------
2020-07-28 11:06:54,613 INFO  - Login to Website
2020-07-28 11:07:01,180 INFO  - ----- Starting WebOrderCC -----
2020-07-28 11:07:01,183 INFO  - Add a filter to the order
2020-07-28 11:07:01,188 INFO  - --- Starting OrderFilter ---
2020-07-28 11:07:01,188 INFO  - Search for a filter
2020-07-28 11:07:10,350 INFO  - Click Buy Now
2020-07-28 11:07:11,542 INFO  - Click Secure Checkout
2020-07-28 11:07:11,942 INFO  - --- Ending OrderFilter ---
2020-07-28 11:08:26,620 INFO  - Close PopUp
2020-07-28 11:08:26,621 INFO  - ----- Ending WebOderCC -----
2020-07-28 11:08:26,621 INFO  - ----- Starting WebOrderGiftCard -----
2020-07-28 11:08:26,625 INFO  - Add a filter to the order
2020-07-28 11:08:26,629 INFO  - --- Starting OrderFilter ---
2020-07-28 11:08:26,629 INFO  - Search for a filter
2020-07-28 11:08:33,850 INFO  - Click Buy Now
2020-07-28 11:08:40,919 INFO  - Click Secure Checkout
2020-07-28 11:08:43,640 INFO  - --- Ending OrderFilter ---
2020-07-28 11:08:46,652 INFO  - Enter Gift Card info
2020-07-28 11:09:01,830 INFO  - Submit Gift Card payment
2020-07-28 11:09:09,461 INFO  - Close PopoUp
2020-07-28 11:09:09,502 INFO  - ----- Ending WebOrderGiftCard -----
2020-07-28 11:09:09,503 INFO  - ---------------------------
2020-07-28 11:09:09,503 INFO  - Ending Web Orders
2020-07-28 11:09:09,503 INFO  - ---------------------------
2020-07-28 11:09:09,503 INFO  - -------------------------------
2020-07-28 11:09:09,503 INFO  - Starting Phone Orders
2020-07-28 11:09:09,503 INFO  - -------------------------------
2020-07-28 11:09:12,191 INFO  - ----- Starting PhoneOrderCC -----
2020-07-28 11:09:12,191 INFO  - Starting Phone Order Base
2020-07-28 11:09:16,106 INFO  - Search for name of Customer
2020-07-28 11:09:26,578 INFO  - Select Customer found
2020-07-28 11:09:27,292 INFO  - Hit Continue
2020-07-28 11:09:47,828 INFO  - Ending Phone Order Base
2020-07-28 11:09:47,828 INFO  - Click Submit
2020-07-28 11:09:51,010 INFO  - ----- Ending PhoneOrderCC -----
2020-07-28 11:09:51,010 INFO  - ----- Starting PhoneOrderMailingCheck -----
2020-07-28 11:09:51,011 INFO  - Starting Phone Order Base
2020-07-28 11:09:54,675 INFO  - Search for name of Customer
2020-07-28 11:10:05,016 INFO  - Select Customer found
2020-07-28 11:10:05,979 INFO  - Hit Continue
2020-07-28 11:10:25,694 INFO  - Ending Phone Order Base
2020-07-28 11:10:25,694 INFO  - Select Mail Check order option and submit order
2020-07-28 11:10:27,622 INFO  - ----- Ending PhoneOrderMailingCheck -----
2020-07-28 11:10:27,623 INFO  - ----- Starting PhoneOrderManualSplitPayment -----
2020-07-28 11:10:27,624 INFO  - Starting Phone Order Base
2020-07-28 11:10:31,324 INFO  - Search for name of Customer
2020-07-28 11:10:41,661 INFO  - Select Customer found
2020-07-28 11:10:42,145 INFO  - Hit Continue
2020-07-28 11:11:02,914 INFO  - Ending Phone Order Base
2020-07-28 11:11:02,914 INFO  - Select Manual or Split Payment option and submit order
2020-07-28 11:11:05,028 INFO  - ----- Ending PhoneOrderManualSplitPayment -----
2020-07-28 11:11:05,029 INFO  - ----- Starting PhoneOrderNoPaymentRequired -----
2020-07-28 11:11:05,029 INFO  - Starting Phone Order Base
2020-07-28 11:11:08,735 INFO  - Search for name of Customer
2020-07-28 11:11:19,103 INFO  - Select Customer found
2020-07-28 11:11:19,761 INFO  - Hit Continue
2020-07-28 11:11:40,021 INFO  - Ending Phone Order Base
2020-07-28 11:11:40,022 INFO  - Select No Payment Required option and submit order
2020-07-28 11:11:42,105 INFO  - ----- Ending PhoneOrderNoPaymentRequired -----
2020-07-28 11:11:42,172 INFO  - ----- Starting PhoneOrderECheck
2020-07-28 11:11:42,172 INFO  - Starting Phone Order Base
2020-07-28 11:11:45,880 INFO  - Search for name of Customer
2020-07-28 11:11:56,227 INFO  - Select Customer found
2020-07-28 11:11:56,846 INFO  - Hit Continue
2020-07-28 11:12:17,808 INFO  - Ending Phone Order Base
2020-07-28 11:12:17,808 INFO  - Enter E-Check option and info
2020-07-28 11:12:18,102 INFO  - Click Submit
2020-07-28 11:12:20,991 INFO  - ----- Ending PhoneOrderECheck
2020-07-28 11:12:21,061 INFO  - ----- Starting PhoneOderGiftCard -----
2020-07-28 11:12:21,062 INFO  - Starting Phone Order Base
2020-07-28 11:12:24,759 INFO  - Search for name of Customer
2020-07-28 11:12:35,119 INFO  - Select Customer found
2020-07-28 11:12:35,656 INFO  - Hit Continue
2020-07-28 11:12:55,694 INFO  - Ending Phone Order Base
2020-07-28 11:12:55,694 INFO  - Select Gift Card option and enter info
2020-07-28 11:12:57,279 INFO  - Click Gist Code Submit button
2020-07-28 11:12:59,193 INFO  - ----- Ending PhoneOrderGiftCard -----
2020-07-28 11:12:59,194 INFO  - ----------------------------
2020-07-28 11:12:59,194 INFO  - Ending Phone Orders
2020-07-28 11:12:59,194 INFO  - ----------------------------
