Starting ChromeDriver 83.0.4103.39 (ccbf011cb2d2b19b506d844400483861342c20cd-refs/branch-heads/4103@{#416}) on port 12997
Only local connections are allowed.
Please see https://chromedriver.chromium.org/security-considerations for suggestions on keeping ChromeDriver safe.
ChromeDriver was started successfully.
Jul 15, 2020 1:27:04 PM org.openqa.selenium.remote.ProtocolHandshake createSession
INFO: Detected dialect: W3C

Date-Time stamp for regression suite test run: 2020-07-15-1327_RegressionSuiteOneExAcct.log

=============================
     Starting Web Orders
=============================
=============================
     Starting WebOrderCC
=============================
Searching for filter
Click Buy Now
Add to cart
Clicking Secure Checkout
===========================
     Ending WebOrderCC
===========================
====================================
     Starting  WebOrderGiftCard
====================================
Starting OrderFilter
Ending OrderFilter
====================================
     Ending of WebOrderGiftCard
====================================
===============================
     Starting Phone Orders
===============================
===============================
     Starting PhoneOrderCC
===============================
     Starting PhoneOrderBase
Search for Name
Select name
click Continue
     Ending PhoneOrderBase
=============================
     Ending PhoneOrderCC
=============================
========================================
     Starting PhoneOderMailingCheck
========================================
     Starting PhoneOrderBase
Search for Name
Select name
click Continue
     Ending PhoneOrderBase
=======================================
     Ending PhoneOrderMailingCheck
=======================================
===============================================
     Starting PhoneOrderManualSplitPayment
===============================================
     Starting PhoneOrderBase
Search for Name
Select name
click Continue
     Ending PhoneOrderBase
=============================================
     Ending PhoneOrderManualSplitPayment
=============================================
==============================================
     Starting PhoneOrderNoPaymentRequired
==============================================
     Starting PhoneOrderBase
Search for Name
Select name
click Continue
     Ending PhoneOrderBase
============================================
     Ending PhoneOrderNoPaymentRequired
============================================
===================================
     Starting PhoneOrderECheck
===================================
     Starting PhoneOrderBase
Search for Name
Select name
click Continue
     Ending PhoneOrderBase
=================================
     Ending PhoneOrderECheck
=================================
=====================================
     Starting PhoneOrderGiftCard
=====================================
     Starting PhoneOrderBase
Search for Name
Select name
click Continue
     Ending PhoneOrderBase
===================================
     Ending PhoneOrderGiftCard
===================================
