Starting ChromeDriver 83.0.4103.39 (ccbf011cb2d2b19b506d844400483861342c20cd-refs/branch-heads/4103@{#416}) on port 8517
Only local connections are allowed.
Please see https://chromedriver.chromium.org/security-considerations for suggestions on keeping ChromeDriver safe.
ChromeDriver was started successfully.
[1596133673.195][WARNING]: This version of ChromeDriver has not been tested with Chrome version 84.
Jul 30, 2020 11:27:55 AM org.openqa.selenium.remote.ProtocolHandshake createSession
INFO: Detected dialect: W3C
2020-07-30 11:27:55,610 INFO  - *******************************************************************************************
2020-07-30 11:27:55,614 INFO  - *******************************************************************************************
2020-07-30 11:27:55,614 INFO  -                     Regression Suite One Existing Account
2020-07-30 11:27:55,614 INFO  - *******************************************************************************************
2020-07-30 11:27:55,615 INFO  - *******************************************************************************************
2020-07-30 11:27:57,772 INFO  - Date-Time stamp for regression suite test run: 2020-07-30-1127_RegressionSuiteOneExAcct.log
2020-07-30 11:27:57,773 INFO  - ----------------------------
2020-07-30 11:27:57,773 INFO  - Starting Web Orders
2020-07-30 11:27:57,773 INFO  - ----------------------------
2020-07-30 11:28:02,288 INFO  - Login to Website
2020-07-30 11:28:12,518 INFO  - ----- Starting WebOrderCC -----
2020-07-30 11:28:12,523 INFO  - Add a filter to the order
2020-07-30 11:28:12,528 INFO  - --- Starting OrderFilter ---
2020-07-30 11:28:12,528 INFO  - Search for a filter
2020-07-30 11:28:20,262 INFO  - Click Buy Now
2020-07-30 11:28:22,423 INFO  - Click Secure Checkout
2020-07-30 11:28:23,004 INFO  - --- Ending OrderFilter ---
2020-07-30 11:29:27,285 INFO  - Close PopUp
2020-07-30 11:29:27,285 INFO  - ----- Ending WebOderCC -----
2020-07-30 11:29:27,286 INFO  - ----- Starting WebOrderGiftCard -----
2020-07-30 11:29:27,290 INFO  - Add a filter to the order
2020-07-30 11:29:27,293 INFO  - --- Starting OrderFilter ---
2020-07-30 11:29:27,293 INFO  - Search for a filter
2020-07-30 11:29:34,480 INFO  - Click Buy Now
2020-07-30 11:29:44,534 INFO  - Click Secure Checkout
2020-07-30 11:29:58,785 INFO  - --- Ending OrderFilter ---
2020-07-30 11:30:01,793 INFO  - Enter Gift Card info
2020-07-30 11:30:16,974 INFO  - Submit Gift Card payment
2020-07-30 11:30:36,137 INFO  - Close PopoUp
2020-07-30 11:30:36,187 INFO  - ----- Ending WebOrderGiftCard -----
2020-07-30 11:30:36,187 INFO  - ---------------------------
2020-07-30 11:30:36,187 INFO  - Ending Web Orders
2020-07-30 11:30:36,187 INFO  - ---------------------------
2020-07-30 11:30:36,187 INFO  - -------------------------------
2020-07-30 11:30:36,188 INFO  - Starting Phone Orders
2020-07-30 11:30:36,188 INFO  - -------------------------------
2020-07-30 11:30:39,179 INFO  - ----- Starting PhoneOrderCC -----
2020-07-30 11:30:39,215 INFO  - Starting Phone Order Base
2020-07-30 11:30:43,775 INFO  - Search for name of Customer
2020-07-30 11:30:46,577 INFO  - Select Customer found
2020-07-30 11:30:57,873 INFO  - Hit Continue
2020-07-30 11:31:25,193 INFO  - Ending Phone Order Base
2020-07-30 11:31:25,194 INFO  - Click Submit
2020-07-30 11:31:30,230 INFO  - ----- Ending PhoneOrderCC -----
2020-07-30 11:31:30,231 INFO  - ----- Starting PhoneOrderMailingCheck -----
2020-07-30 11:31:30,232 INFO  - Starting Phone Order Base
2020-07-30 11:31:34,240 INFO  - Search for name of Customer
2020-07-30 11:31:36,783 INFO  - Select Customer found
2020-07-30 11:31:47,672 INFO  - Hit Continue
2020-07-30 11:32:14,932 INFO  - Ending Phone Order Base
2020-07-30 11:32:14,932 INFO  - Select Mail Check order option and submit order
2020-07-30 11:32:17,762 INFO  - ----- Ending PhoneOrderMailingCheck -----
2020-07-30 11:32:17,763 INFO  - ----- Starting PhoneOrderManualSplitPayment -----
2020-07-30 11:32:17,763 INFO  - Starting Phone Order Base
2020-07-30 11:32:21,962 INFO  - Search for name of Customer
2020-07-30 11:32:24,488 INFO  - Select Customer found
2020-07-30 11:32:35,151 INFO  - Hit Continue
2020-07-30 11:33:01,441 INFO  - Ending Phone Order Base
2020-07-30 11:33:01,441 INFO  - Select Manual or Split Payment option and submit order
2020-07-30 11:33:04,858 INFO  - ----- Ending PhoneOrderManualSplitPayment -----
2020-07-30 11:33:04,859 INFO  - ----- Starting PhoneOrderNoPaymentRequired -----
2020-07-30 11:33:04,859 INFO  - Starting Phone Order Base
2020-07-30 11:33:08,963 INFO  - Search for name of Customer
2020-07-30 11:33:12,221 INFO  - Select Customer found
2020-07-30 11:33:22,939 INFO  - Hit Continue
2020-07-30 11:33:49,869 INFO  - Ending Phone Order Base
2020-07-30 11:33:49,870 INFO  - Select No Payment Required option and submit order
2020-07-30 11:33:53,033 INFO  - ----- Ending PhoneOrderNoPaymentRequired -----
2020-07-30 11:33:53,035 INFO  - ----- Starting PhoneOrderECheck
2020-07-30 11:33:53,035 INFO  - Starting Phone Order Base
2020-07-30 11:33:57,092 INFO  - Search for name of Customer
2020-07-30 11:33:59,790 INFO  - Select Customer found
2020-07-30 11:34:10,488 INFO  - Hit Continue
2020-07-30 11:34:36,784 INFO  - Ending Phone Order Base
2020-07-30 11:34:36,784 INFO  - Enter E-Check option and info
2020-07-30 11:34:37,087 INFO  - Click Submit
2020-07-30 11:34:40,315 INFO  - ----- Ending PhoneOrderECheck
2020-07-30 11:34:40,316 INFO  - ----- Starting PhoneOderGiftCard -----
2020-07-30 11:34:40,316 INFO  - Starting Phone Order Base
2020-07-30 11:34:44,442 INFO  - Search for name of Customer
2020-07-30 11:34:46,963 INFO  - Select Customer found
2020-07-30 11:34:57,573 INFO  - Hit Continue
2020-07-30 11:35:23,414 INFO  - Ending Phone Order Base
2020-07-30 11:35:23,414 INFO  - Select Gift Card option and enter info
2020-07-30 11:35:25,540 INFO  - Click Gist Code Submit button
2020-07-30 11:35:28,015 INFO  - ----- Ending PhoneOrderGiftCard -----
2020-07-30 11:35:28,015 INFO  - ----------------------------
2020-07-30 11:35:28,015 INFO  - Ending Phone Orders
2020-07-30 11:35:28,015 INFO  - ----------------------------
