Starting ChromeDriver 85.0.4183.83 (94abc2237ae0c9a4cb5f035431c8adfb94324633-refs/branch-heads/4183@{#1658}) on port 32507
Only local connections are allowed.
Please see https://chromedriver.chromium.org/security-considerations for suggestions on keeping ChromeDriver safe.
ChromeDriver was started successfully.
Aug 26, 2020 3:57:28 PM org.openqa.selenium.remote.ProtocolHandshake createSession
INFO: Detected dialect: W3C
2020-08-26-15:57:29 INFO  *******************************************************************************************
2020-08-26-15:57:29 INFO  *******************************************************************************************
2020-08-26-15:57:29 INFO                      Regression Suite One Existing Account
2020-08-26-15:57:29 INFO  *******************************************************************************************
2020-08-26-15:57:29 INFO  *******************************************************************************************
2020-08-26-15:57:31 INFO  Date-Time stamp for regression suite test run: 2020-08-26-1557_RegressionSuiteOneExAcct.log
2020-08-26-15:57:31 INFO  ----------------------------
2020-08-26-15:57:31 INFO  Starting Web Orders
2020-08-26-15:57:31 INFO  ----------------------------
2020-08-26-15:57:35 INFO  Login to Website
2020-08-26-15:57:42 INFO  ----- Starting WebOrderCC -----
2020-08-26-15:57:42 INFO  Add a filter to the order
2020-08-26-15:57:42 INFO  --- Starting OrderFilter ---
2020-08-26-15:57:42 INFO  Search for a filter
2020-08-26-15:57:50 INFO  Click Buy Now
2020-08-26-15:57:52 INFO  Click Secure Checkout
2020-08-26-15:57:52 INFO  --- Ending OrderFilter ---
2020-08-26-15:58:57 INFO  Close PopUp
2020-08-26-15:58:57 INFO  ----- Ending WebOderCC -----
2020-08-26-15:58:57 INFO  ----- Starting WebOrderGiftCard -----
2020-08-26-15:58:57 INFO  Add a filter to the order
2020-08-26-15:58:57 INFO  --- Starting OrderFilter ---
2020-08-26-15:58:57 INFO  Search for a filter
2020-08-26-15:59:04 INFO  Click Buy Now
2020-08-26-15:59:12 INFO  Click Secure Checkout
2020-08-26-15:59:12 INFO  --- Ending OrderFilter ---
2020-08-26-15:59:15 INFO  Enter Gift Card info
2020-08-26-15:59:31 INFO  Submit Gift Card payment
2020-08-26-15:59:39 INFO  Close PopoUp
2020-08-26-15:59:39 INFO  ----- Ending WebOrderGiftCard -----
2020-08-26-15:59:39 INFO  ---------------------------
2020-08-26-15:59:39 INFO  Ending Web Orders
2020-08-26-15:59:39 INFO  ---------------------------
2020-08-26-15:59:39 INFO  -------------------------------
2020-08-26-15:59:39 INFO  Starting Phone Orders
2020-08-26-15:59:39 INFO  -------------------------------
2020-08-26-15:59:41 INFO  ----- Starting PhoneOrderCC -----
2020-08-26-15:59:41 INFO  Starting Phone Order Base
2020-08-26-15:59:45 INFO  Search for name of Customer
2020-08-26-15:59:48 INFO  Select Customer found
2020-08-26-15:59:59 INFO  Hit Continue
2020-08-26-16:00:02 INFO  Search for a Filter
2020-08-26-16:00:14 INFO  Select Filter
2020-08-26-16:00:29 INFO  Add Filter to cart
2020-08-26-16:00:30 INFO  Hit Continue
2020-08-26-16:00:35 INFO  Ending Phone Order Base
2020-08-26-16:00:35 INFO  Click Submit
2020-08-26-16:00:39 INFO  ----- Ending PhoneOrderCC -----
2020-08-26-16:00:39 INFO  ----- Starting PhoneOrderMailingCheck -----
2020-08-26-16:00:39 INFO  Starting Phone Order Base
2020-08-26-16:00:43 INFO  Search for name of Customer
2020-08-26-16:00:46 INFO  Select Customer found
2020-08-26-16:00:56 INFO  Hit Continue
2020-08-26-16:00:59 INFO  Search for a Filter
2020-08-26-16:01:11 INFO  Select Filter
2020-08-26-16:01:26 INFO  Add Filter to cart
2020-08-26-16:01:26 INFO  Hit Continue
2020-08-26-16:01:30 INFO  Ending Phone Order Base
2020-08-26-16:01:30 INFO  Select Mail Check order option and submit order
2020-08-26-16:01:33 INFO  ----- Ending PhoneOrderMailingCheck -----
2020-08-26-16:01:33 INFO  ----- Starting PhoneOrderManualSplitPayment -----
2020-08-26-16:01:33 INFO  Starting Phone Order Base
2020-08-26-16:01:37 INFO  Search for name of Customer
2020-08-26-16:01:39 INFO  Select Customer found
2020-08-26-16:01:50 INFO  Hit Continue
2020-08-26-16:01:52 INFO  Search for a Filter
2020-08-26-16:02:04 INFO  Select Filter
2020-08-26-16:02:20 INFO  Add Filter to cart
2020-08-26-16:02:20 INFO  Hit Continue
2020-08-26-16:02:24 INFO  Ending Phone Order Base
2020-08-26-16:02:24 INFO  Select Manual or Split Payment option and submit order
2020-08-26-16:02:26 INFO  ----- Ending PhoneOrderManualSplitPayment -----
2020-08-26-16:02:26 INFO  ----- Starting PhoneOrderNoPaymentRequired -----
2020-08-26-16:02:26 INFO  Starting Phone Order Base
2020-08-26-16:02:30 INFO  Search for name of Customer
2020-08-26-16:02:33 INFO  Select Customer found
2020-08-26-16:02:43 INFO  Hit Continue
2020-08-26-16:02:46 INFO  Search for a Filter
2020-08-26-16:02:58 INFO  Select Filter
2020-08-26-16:03:13 INFO  Add Filter to cart
2020-08-26-16:03:13 INFO  Hit Continue
2020-08-26-16:03:18 INFO  Ending Phone Order Base
2020-08-26-16:03:18 INFO  Select No Payment Required option and submit order
2020-08-26-16:03:21 INFO  ----- Ending PhoneOrderNoPaymentRequired -----
2020-08-26-16:03:21 INFO  ----- Starting PhoneOrderECheck
2020-08-26-16:03:21 INFO  Starting Phone Order Base
2020-08-26-16:03:25 INFO  Search for name of Customer
2020-08-26-16:03:27 INFO  Select Customer found
2020-08-26-16:03:38 INFO  Hit Continue
2020-08-26-16:03:40 INFO  Search for a Filter
2020-08-26-16:03:52 INFO  Select Filter
2020-08-26-16:04:08 INFO  Add Filter to cart
2020-08-26-16:04:08 INFO  Hit Continue
2020-08-26-16:04:12 INFO  Ending Phone Order Base
2020-08-26-16:04:12 INFO  Enter E-Check option and info
2020-08-26-16:04:12 INFO  Click Submit
2020-08-26-16:04:16 INFO  ----- Ending PhoneOrderECheck
2020-08-26-16:04:16 INFO  ----- Starting PhoneOderGiftCard -----
2020-08-26-16:04:16 INFO  Starting Phone Order Base
2020-08-26-16:04:20 INFO  Search for name of Customer
2020-08-26-16:04:22 INFO  Select Customer found
2020-08-26-16:04:33 INFO  Hit Continue
2020-08-26-16:04:35 INFO  Search for a Filter
2020-08-26-16:04:47 INFO  Select Filter
2020-08-26-16:05:02 INFO  Add Filter to cart
2020-08-26-16:05:02 INFO  Hit Continue
2020-08-26-16:05:07 INFO  Ending Phone Order Base
2020-08-26-16:05:07 INFO  Select Gift Card option and enter info
2020-08-26-16:05:09 INFO  Click Gist Code Submit button
2020-08-26-16:05:11 INFO  ----- Ending PhoneOrderGiftCard -----
2020-08-26-16:05:11 INFO  ----------------------------
2020-08-26-16:05:11 INFO  Ending Phone Orders
2020-08-26-16:05:11 INFO  ----------------------------
