2020-08-05 11:41:38 INFO *******************************************************************************************
2020-08-05 11:41:38 INFO *******************************************************************************************
2020-08-05 11:41:38 INFO                     Regression Suite One Existing Account
2020-08-05 11:41:38 INFO *******************************************************************************************
2020-08-05 11:41:38 INFO *******************************************************************************************
2020-08-05 11:41:40 INFO Date-Time stamp for regression suite test run: 2020-08-05-1141_RegressionSuiteOneExAcct.log
2020-08-05 11:41:40 INFO ----------------------------
2020-08-05 11:41:40 INFO Starting Web Orders
2020-08-05 11:41:40 INFO ----------------------------
2020-08-05 11:41:44 INFO Login to Website
2020-08-05 11:41:54 INFO ----- Starting WebOrderCC -----
2020-08-05 11:41:54 INFO Add a filter to the order
2020-08-05 11:41:54 INFO --- Starting OrderFilter ---
2020-08-05 11:41:54 INFO Search for a filter
2020-08-05 11:42:04 INFO Click Buy Now
2020-08-05 11:42:13 INFO Click Secure Checkout
2020-08-05 11:42:21 INFO --- Ending OrderFilter ---
2020-08-05 11:43:25 INFO Close PopUp
2020-08-05 11:43:25 INFO ----- Ending WebOderCC -----
2020-08-05 11:43:25 INFO ----- Starting WebOrderGiftCard -----
2020-08-05 11:43:25 INFO Add a filter to the order
2020-08-05 11:43:25 INFO --- Starting OrderFilter ---
2020-08-05 11:43:25 INFO Search for a filter
2020-08-05 11:43:32 INFO Click Buy Now
2020-08-05 11:43:46 INFO Click Secure Checkout
2020-08-05 11:43:46 INFO --- Ending OrderFilter ---
2020-08-05 11:43:49 INFO Enter Gift Card info
2020-08-05 11:44:04 INFO Submit Gift Card payment
2020-08-05 11:44:23 INFO Close PopoUp
2020-08-05 11:44:23 INFO ----- Ending WebOrderGiftCard -----
2020-08-05 11:44:23 INFO ---------------------------
2020-08-05 11:44:23 INFO Ending Web Orders
2020-08-05 11:44:23 INFO ---------------------------
2020-08-05 11:44:23 INFO -------------------------------
2020-08-05 11:44:23 INFO Starting Phone Orders
2020-08-05 11:44:23 INFO -------------------------------
2020-08-05 11:44:28 INFO ----- Starting PhoneOrderCC -----
2020-08-05 11:44:28 INFO Starting Phone Order Base
2020-08-05 11:44:32 INFO Search for name of Customer
2020-08-05 11:44:35 INFO Select Customer found
2020-08-05 11:44:46 INFO Hit Continue
2020-08-05 11:44:52 INFO Search for a Filter
2020-08-05 11:45:02 INFO Select Filter
2020-08-05 11:45:16 INFO Add Filter to cart
2020-08-05 11:45:16 INFO Hit Continue
2020-08-05 11:45:23 INFO Ending Phone Order Base
2020-08-05 11:45:23 INFO Click Submit
2020-08-05 11:45:28 INFO ----- Ending PhoneOrderCC -----
2020-08-05 11:45:28 INFO ----- Starting PhoneOrderMailingCheck -----
2020-08-05 11:45:28 INFO Starting Phone Order Base
2020-08-05 11:45:32 INFO Search for name of Customer
2020-08-05 11:45:35 INFO Select Customer found
2020-08-05 11:45:46 INFO Hit Continue
2020-08-05 11:45:52 INFO Search for a Filter
2020-08-05 11:46:02 INFO Select Filter
2020-08-05 11:46:16 INFO Add Filter to cart
2020-08-05 11:46:16 INFO Hit Continue
2020-08-05 11:46:20 INFO Ending Phone Order Base
2020-08-05 11:46:20 INFO Select Mail Check order option and submit order
2020-08-05 11:46:22 INFO ----- Ending PhoneOrderMailingCheck -----
2020-08-05 11:46:22 INFO ----- Starting PhoneOrderManualSplitPayment -----
2020-08-05 11:46:22 INFO Starting Phone Order Base
2020-08-05 11:46:26 INFO Search for name of Customer
2020-08-05 11:46:29 INFO Select Customer found
2020-08-05 11:46:40 INFO Hit Continue
2020-08-05 11:46:46 INFO Search for a Filter
2020-08-05 11:46:56 INFO Select Filter
2020-08-05 11:47:10 INFO Add Filter to cart
2020-08-05 11:47:10 INFO Hit Continue
2020-08-05 11:47:15 INFO Ending Phone Order Base
2020-08-05 11:47:15 INFO Select Manual or Split Payment option and submit order
2020-08-05 11:47:17 INFO ----- Ending PhoneOrderManualSplitPayment -----
2020-08-05 11:47:17 INFO ----- Starting PhoneOrderNoPaymentRequired -----
2020-08-05 11:47:17 INFO Starting Phone Order Base
2020-08-05 11:47:21 INFO Search for name of Customer
2020-08-05 11:47:24 INFO Select Customer found
2020-08-05 11:47:34 INFO Hit Continue
2020-08-05 11:47:41 INFO Search for a Filter
2020-08-05 11:47:51 INFO Select Filter
2020-08-05 11:48:05 INFO Add Filter to cart
2020-08-05 11:48:05 INFO Hit Continue
2020-08-05 11:48:09 INFO Ending Phone Order Base
2020-08-05 11:48:09 INFO Select No Payment Required option and submit order
2020-08-05 11:48:12 INFO ----- Ending PhoneOrderNoPaymentRequired -----
2020-08-05 11:48:12 INFO ----- Starting PhoneOrderECheck
2020-08-05 11:48:12 INFO Starting Phone Order Base
2020-08-05 11:48:16 INFO Search for name of Customer
2020-08-05 11:48:18 INFO Select Customer found
2020-08-05 11:48:29 INFO Hit Continue
2020-08-05 11:48:36 INFO Search for a Filter
2020-08-05 11:48:46 INFO Select Filter
2020-08-05 11:48:59 INFO Add Filter to cart
2020-08-05 11:48:59 INFO Hit Continue
2020-08-05 11:49:04 INFO Ending Phone Order Base
2020-08-05 11:49:04 INFO Enter E-Check option and info
2020-08-05 11:49:04 INFO Click Submit
2020-08-05 11:49:07 INFO ----- Ending PhoneOrderECheck
2020-08-05 11:49:07 INFO ----- Starting PhoneOderGiftCard -----
2020-08-05 11:49:07 INFO Starting Phone Order Base
2020-08-05 11:49:11 INFO Search for name of Customer
2020-08-05 11:49:14 INFO Select Customer found
2020-08-05 11:49:24 INFO Hit Continue
2020-08-05 11:49:31 INFO Search for a Filter
2020-08-05 11:49:41 INFO Select Filter
2020-08-05 11:49:54 INFO Add Filter to cart
2020-08-05 11:49:54 INFO Hit Continue
2020-08-05 11:49:59 INFO Ending Phone Order Base
2020-08-05 11:49:59 INFO Select Gift Card option and enter info
2020-08-05 11:50:01 INFO Click Gist Code Submit button
2020-08-05 11:50:04 INFO ----- Ending PhoneOrderGiftCard -----
2020-08-05 11:50:04 INFO ----------------------------
2020-08-05 11:50:04 INFO Ending Phone Orders
2020-08-05 11:50:04 INFO ----------------------------
2020-08-05 11:50:04 INFO XXXXXXXXXXXXXXXXXXXXXXXXXXXXXXXXXXXXXXXXXXXXXXXXXXXXXXXXXXXXXXXXXXXXXXXXXXXXXXXXXXXXXXXXXXXXXXX
2020-08-05 11:50:04 INFO                       Ending Regression Suite One Existing Account
2020-08-05 11:50:04 INFO XXXXXXXXXXXXXXXXXXXXXXXXXXXXXXXXXXXXXXXXXXXXXXXXXXXXXXXXXXXXXXXXXXXXXXXXXXXXXXXXXXXXXXXXXXXXXXX
