2020-08-06 09:46:36 INFO *******************************************************************************************
2020-08-06 09:46:36 INFO *******************************************************************************************
2020-08-06 09:46:36 INFO                     Regression Suite One Existing Account
2020-08-06 09:46:36 INFO *******************************************************************************************
2020-08-06 09:46:36 INFO *******************************************************************************************
2020-08-06 09:46:38 INFO Date-Time stamp for regression suite test run: 2020-08-06-0946_RegressionSuiteOneExAcct.log
2020-08-06 09:46:38 INFO ----------------------------
2020-08-06 09:46:38 INFO Starting Web Orders
2020-08-06 09:46:38 INFO ----------------------------
2020-08-06 09:46:44 INFO Login to Website
2020-08-06 09:46:54 INFO ----- Starting WebOrderCC -----
2020-08-06 09:46:54 INFO Add a filter to the order
2020-08-06 09:46:54 INFO --- Starting OrderFilter ---
2020-08-06 09:46:54 INFO Search for a filter
2020-08-06 09:47:05 INFO Click Buy Now
2020-08-06 09:47:22 INFO Click Secure Checkout
2020-08-06 09:47:22 INFO --- Ending OrderFilter ---
2020-08-06 09:48:27 INFO Close PopUp
2020-08-06 09:48:27 INFO ----- Ending WebOderCC -----
2020-08-06 09:48:27 INFO ----- Starting WebOrderGiftCard -----
2020-08-06 09:48:27 INFO Add a filter to the order
2020-08-06 09:48:27 INFO --- Starting OrderFilter ---
2020-08-06 09:48:27 INFO Search for a filter
2020-08-06 09:48:34 INFO Click Buy Now
2020-08-06 09:48:48 INFO Click Secure Checkout
2020-08-06 09:48:48 INFO --- Ending OrderFilter ---
2020-08-06 09:48:51 INFO Enter Gift Card info
2020-08-06 09:49:07 INFO Submit Gift Card payment
2020-08-06 09:49:15 INFO Close PopoUp
2020-08-06 09:49:15 INFO ----- Ending WebOrderGiftCard -----
2020-08-06 09:49:15 INFO ---------------------------
2020-08-06 09:49:15 INFO Ending Web Orders
2020-08-06 09:49:15 INFO ---------------------------
2020-08-06 09:49:15 INFO -------------------------------
2020-08-06 09:49:15 INFO Starting Phone Orders
2020-08-06 09:49:15 INFO -------------------------------
2020-08-06 09:49:20 INFO ----- Starting PhoneOrderCC -----
2020-08-06 09:49:20 INFO Starting Phone Order Base
2020-08-06 09:49:25 INFO Search for name of Customer
2020-08-06 09:49:28 INFO Select Customer found
2020-08-06 09:49:39 INFO Hit Continue
2020-08-06 09:49:46 INFO Search for a Filter
2020-08-06 09:49:56 INFO Select Filter
2020-08-06 09:50:09 INFO Add Filter to cart
2020-08-06 09:50:09 INFO Hit Continue
2020-08-06 09:50:16 INFO Ending Phone Order Base
2020-08-06 09:50:16 INFO Click Submit
2020-08-06 09:50:20 INFO ----- Ending PhoneOrderCC -----
2020-08-06 09:50:20 INFO ----- Starting PhoneOrderMailingCheck -----
2020-08-06 09:50:20 INFO Starting Phone Order Base
2020-08-06 09:50:24 INFO Search for name of Customer
2020-08-06 09:50:27 INFO Select Customer found
2020-08-06 09:50:37 INFO Hit Continue
2020-08-06 09:50:44 INFO Search for a Filter
2020-08-06 09:50:54 INFO Select Filter
2020-08-06 09:51:07 INFO Add Filter to cart
2020-08-06 09:51:07 INFO Hit Continue
2020-08-06 09:51:12 INFO Ending Phone Order Base
2020-08-06 09:51:12 INFO Select Mail Check order option and submit order
2020-08-06 09:51:15 INFO ----- Ending PhoneOrderMailingCheck -----
2020-08-06 09:51:15 INFO ----- Starting PhoneOrderManualSplitPayment -----
2020-08-06 09:51:15 INFO Starting Phone Order Base
2020-08-06 09:51:19 INFO Search for name of Customer
2020-08-06 09:51:21 INFO Select Customer found
2020-08-06 09:51:32 INFO Hit Continue
2020-08-06 09:51:38 INFO Search for a Filter
2020-08-06 09:51:49 INFO Select Filter
2020-08-06 09:52:02 INFO Add Filter to cart
2020-08-06 09:52:02 INFO Hit Continue
2020-08-06 09:52:07 INFO Ending Phone Order Base
2020-08-06 09:52:07 INFO Select Manual or Split Payment option and submit order
2020-08-06 09:52:10 INFO ----- Ending PhoneOrderManualSplitPayment -----
2020-08-06 09:52:10 INFO ----- Starting PhoneOrderNoPaymentRequired -----
2020-08-06 09:52:10 INFO Starting Phone Order Base
2020-08-06 09:52:14 INFO Search for name of Customer
2020-08-06 09:52:16 INFO Select Customer found
2020-08-06 09:52:27 INFO Hit Continue
2020-08-06 09:52:33 INFO Search for a Filter
2020-08-06 09:52:43 INFO Select Filter
2020-08-06 09:52:57 INFO Add Filter to cart
2020-08-06 09:52:57 INFO Hit Continue
2020-08-06 09:53:01 INFO Ending Phone Order Base
2020-08-06 09:53:01 INFO Select No Payment Required option and submit order
2020-08-06 09:53:04 INFO ----- Ending PhoneOrderNoPaymentRequired -----
2020-08-06 09:53:04 INFO ----- Starting PhoneOrderECheck
2020-08-06 09:53:04 INFO Starting Phone Order Base
2020-08-06 09:53:08 INFO Search for name of Customer
2020-08-06 09:53:11 INFO Select Customer found
2020-08-06 09:53:21 INFO Hit Continue
2020-08-06 09:53:28 INFO Search for a Filter
2020-08-06 09:53:38 INFO Select Filter
2020-08-06 09:53:51 INFO Add Filter to cart
2020-08-06 09:53:51 INFO Hit Continue
2020-08-06 09:53:55 INFO Ending Phone Order Base
2020-08-06 09:53:55 INFO Enter E-Check option and info
2020-08-06 09:53:56 INFO Click Submit
2020-08-06 09:53:59 INFO ----- Ending PhoneOrderECheck
2020-08-06 09:53:59 INFO ----- Starting PhoneOderGiftCard -----
2020-08-06 09:53:59 INFO Starting Phone Order Base
2020-08-06 09:54:03 INFO Search for name of Customer
2020-08-06 09:54:05 INFO Select Customer found
2020-08-06 09:54:16 INFO Hit Continue
2020-08-06 09:54:22 INFO Search for a Filter
2020-08-06 09:54:32 INFO Select Filter
2020-08-06 09:54:46 INFO Add Filter to cart
2020-08-06 09:54:46 INFO Hit Continue
2020-08-06 09:54:50 INFO Ending Phone Order Base
2020-08-06 09:54:50 INFO Select Gift Card option and enter info
2020-08-06 09:54:52 INFO Click Gist Code Submit button
2020-08-06 09:54:54 INFO ----- Ending PhoneOrderGiftCard -----
2020-08-06 09:54:54 INFO ----------------------------
2020-08-06 09:54:54 INFO Ending Phone Orders
2020-08-06 09:54:54 INFO ----------------------------
2020-08-06 09:54:54 INFO XXXXXXXXXXXXXXXXXXXXXXXXXXXXXXXXXXXXXXXXXXXXXXXXXXXXXXXXXXXXXXXXXXXXXXXXXXXXXXXXXXXXXXXXXXXXXXX
2020-08-06 09:54:54 INFO                       Ending Regression Suite One Existing Account
2020-08-06 09:54:54 INFO XXXXXXXXXXXXXXXXXXXXXXXXXXXXXXXXXXXXXXXXXXXXXXXXXXXXXXXXXXXXXXXXXXXXXXXXXXXXXXXXXXXXXXXXXXXXXXX
