2020-08-06 13:24:28 INFO *******************************************************************************************
2020-08-06 13:24:28 INFO *******************************************************************************************
2020-08-06 13:24:28 INFO                     Regression Suite One Existing Account
2020-08-06 13:24:28 INFO *******************************************************************************************
2020-08-06 13:24:28 INFO *******************************************************************************************
2020-08-06 13:24:30 INFO Date-Time stamp for regression suite test run: 2020-08-06-1324_RegressionSuiteOneExAcct.log
2020-08-06 13:24:30 INFO ----------------------------
2020-08-06 13:24:30 INFO Starting Web Orders
2020-08-06 13:24:30 INFO ----------------------------
2020-08-06 13:24:35 INFO Login to Website
2020-08-06 13:24:44 INFO ----- Starting WebOrderCC -----
2020-08-06 13:24:44 INFO Add a filter to the order
2020-08-06 13:24:44 INFO --- Starting OrderFilter ---
2020-08-06 13:24:44 INFO Search for a filter
2020-08-06 13:24:52 INFO Click Buy Now
2020-08-06 13:24:53 INFO Click Secure Checkout
2020-08-06 13:24:55 INFO --- Ending OrderFilter ---
2020-08-06 13:25:59 INFO Close PopUp
2020-08-06 13:25:59 INFO ----- Ending WebOderCC -----
2020-08-06 13:25:59 INFO ----- Starting WebOrderGiftCard -----
2020-08-06 13:25:59 INFO Add a filter to the order
2020-08-06 13:25:59 INFO --- Starting OrderFilter ---
2020-08-06 13:25:59 INFO Search for a filter
2020-08-06 13:26:06 INFO Click Buy Now
2020-08-06 13:26:13 INFO Click Secure Checkout
2020-08-06 13:26:14 INFO --- Ending OrderFilter ---
2020-08-06 13:26:17 INFO Enter Gift Card info
2020-08-06 13:26:32 INFO Submit Gift Card payment
2020-08-06 13:26:52 INFO Close PopoUp
2020-08-06 13:26:52 INFO ----- Ending WebOrderGiftCard -----
2020-08-06 13:26:52 INFO ---------------------------
2020-08-06 13:26:52 INFO Ending Web Orders
2020-08-06 13:26:52 INFO ---------------------------
2020-08-06 13:26:52 INFO -------------------------------
2020-08-06 13:26:52 INFO Starting Phone Orders
2020-08-06 13:26:52 INFO -------------------------------
2020-08-06 13:26:57 INFO ----- Starting PhoneOrderCC -----
2020-08-06 13:26:57 INFO Starting Phone Order Base
2020-08-06 13:27:01 INFO Search for name of Customer
2020-08-06 13:27:04 INFO Select Customer found
2020-08-06 13:27:15 INFO Hit Continue
2020-08-06 13:27:17 INFO Search for a Filter
2020-08-06 13:27:30 INFO Select Filter
2020-08-06 13:27:45 INFO Add Filter to cart
2020-08-06 13:27:45 INFO Hit Continue
2020-08-06 13:27:53 INFO Ending Phone Order Base
2020-08-06 13:27:53 INFO Click Submit
2020-08-06 13:27:58 INFO ----- Ending PhoneOrderCC -----
2020-08-06 13:27:58 INFO ----- Starting PhoneOrderMailingCheck -----
2020-08-06 13:27:58 INFO Starting Phone Order Base
2020-08-06 13:28:02 INFO Search for name of Customer
2020-08-06 13:28:05 INFO Select Customer found
2020-08-06 13:28:15 INFO Hit Continue
2020-08-06 13:28:18 INFO Search for a Filter
2020-08-06 13:28:30 INFO Select Filter
2020-08-06 13:28:46 INFO Add Filter to cart
2020-08-06 13:28:46 INFO Hit Continue
2020-08-06 13:28:50 INFO Ending Phone Order Base
2020-08-06 13:28:50 INFO Select Mail Check order option and submit order
2020-08-06 13:28:53 INFO ----- Ending PhoneOrderMailingCheck -----
2020-08-06 13:28:53 INFO ----- Starting PhoneOrderManualSplitPayment -----
2020-08-06 13:28:53 INFO Starting Phone Order Base
2020-08-06 13:28:57 INFO Search for name of Customer
2020-08-06 13:29:00 INFO Select Customer found
2020-08-06 13:29:10 INFO Hit Continue
2020-08-06 13:29:13 INFO Search for a Filter
2020-08-06 13:29:25 INFO Select Filter
2020-08-06 13:29:40 INFO Add Filter to cart
2020-08-06 13:29:40 INFO Hit Continue
2020-08-06 13:29:46 INFO Ending Phone Order Base
2020-08-06 13:29:46 INFO Select Manual or Split Payment option and submit order
2020-08-06 13:29:49 INFO ----- Ending PhoneOrderManualSplitPayment -----
2020-08-06 13:29:49 INFO ----- Starting PhoneOrderNoPaymentRequired -----
2020-08-06 13:29:49 INFO Starting Phone Order Base
2020-08-06 13:29:53 INFO Search for name of Customer
2020-08-06 13:29:55 INFO Select Customer found
2020-08-06 13:30:06 INFO Hit Continue
2020-08-06 13:30:08 INFO Search for a Filter
2020-08-06 13:30:20 INFO Select Filter
2020-08-06 13:30:36 INFO Add Filter to cart
2020-08-06 13:30:36 INFO Hit Continue
2020-08-06 13:30:41 INFO Ending Phone Order Base
2020-08-06 13:30:41 INFO Select No Payment Required option and submit order
2020-08-06 13:30:43 INFO ----- Ending PhoneOrderNoPaymentRequired -----
2020-08-06 13:30:43 INFO ----- Starting PhoneOrderECheck
2020-08-06 13:30:43 INFO Starting Phone Order Base
2020-08-06 13:30:47 INFO Search for name of Customer
2020-08-06 13:30:50 INFO Select Customer found
2020-08-06 13:31:00 INFO Hit Continue
2020-08-06 13:31:03 INFO Search for a Filter
2020-08-06 13:31:15 INFO Select Filter
2020-08-06 13:31:31 INFO Add Filter to cart
2020-08-06 13:31:31 INFO Hit Continue
2020-08-06 13:31:36 INFO Ending Phone Order Base
2020-08-06 13:31:36 INFO Enter E-Check option and info
2020-08-06 13:31:36 INFO Click Submit
2020-08-06 13:31:39 INFO ----- Ending PhoneOrderECheck
2020-08-06 13:31:39 INFO ----- Starting PhoneOderGiftCard -----
2020-08-06 13:31:39 INFO Starting Phone Order Base
2020-08-06 13:31:43 INFO Search for name of Customer
2020-08-06 13:31:46 INFO Select Customer found
2020-08-06 13:31:57 INFO Hit Continue
2020-08-06 13:31:59 INFO Search for a Filter
2020-08-06 13:32:11 INFO Select Filter
2020-08-06 13:32:27 INFO Add Filter to cart
2020-08-06 13:32:27 INFO Hit Continue
2020-08-06 13:32:31 INFO Ending Phone Order Base
2020-08-06 13:32:31 INFO Select Gift Card option and enter info
2020-08-06 13:32:33 INFO Click Gist Code Submit button
2020-08-06 13:32:35 INFO ----- Ending PhoneOrderGiftCard -----
2020-08-06 13:32:35 INFO ----------------------------
2020-08-06 13:32:35 INFO Ending Phone Orders
2020-08-06 13:32:35 INFO ----------------------------
2020-08-06 13:32:35 INFO XXXXXXXXXXXXXXXXXXXXXXXXXXXXXXXXXXXXXXXXXXXXXXXXXXXXXXXXXXXXXXXXXXXXXXXXXXXXXXXXXXXXXXXXXXXXXXX
2020-08-06 13:32:35 INFO                       Ending Regression Suite One Existing Account
2020-08-06 13:32:35 INFO XXXXXXXXXXXXXXXXXXXXXXXXXXXXXXXXXXXXXXXXXXXXXXXXXXXXXXXXXXXXXXXXXXXXXXXXXXXXXXXXXXXXXXXXXXXXXXX
