Starting ChromeDriver 83.0.4103.39 (ccbf011cb2d2b19b506d844400483861342c20cd-refs/branch-heads/4103@{#416}) on port 3376
Only local connections are allowed.
Please see https://chromedriver.chromium.org/security-considerations for suggestions on keeping ChromeDriver safe.
ChromeDriver was started successfully.
[1598033592.157][WARNING]: This version of ChromeDriver has not been tested with Chrome version 84.
Aug 21, 2020 12:13:14 PM org.openqa.selenium.remote.ProtocolHandshake createSession
INFO: Detected dialect: W3C
2020-08-21-12:13:14 INFO  *******************************************************************************************
2020-08-21-12:13:14 INFO  *******************************************************************************************
2020-08-21-12:13:14 INFO                      Regression Suite One Existing Account
2020-08-21-12:13:14 INFO  *******************************************************************************************
2020-08-21-12:13:14 INFO  *******************************************************************************************
2020-08-21-12:13:16 INFO  Date-Time stamp for regression suite test run: 2020-08-21-1213_RegressionSuiteOneExAcct.log
2020-08-21-12:13:16 INFO  ----------------------------
2020-08-21-12:13:16 INFO  Starting Web Orders
2020-08-21-12:13:16 INFO  ----------------------------
2020-08-21-12:13:24 INFO  Login to Website
2020-08-21-12:13:33 INFO  ----- Starting WebOrderCC -----
2020-08-21-12:13:33 INFO  Add a filter to the order
2020-08-21-12:13:33 INFO  --- Starting OrderFilter ---
2020-08-21-12:13:33 INFO  Search for a filter
2020-08-21-12:13:43 INFO  Click Buy Now
2020-08-21-12:13:54 INFO  Click Secure Checkout
2020-08-21-12:13:55 INFO  --- Ending OrderFilter ---
2020-08-21-12:15:11 INFO  Close PopUp
2020-08-21-12:15:11 INFO  ----- Ending WebOderCC -----
2020-08-21-12:15:11 INFO  ----- Starting WebOrderGiftCard -----
2020-08-21-12:15:11 INFO  Add a filter to the order
2020-08-21-12:15:11 INFO  --- Starting OrderFilter ---
2020-08-21-12:15:11 INFO  Search for a filter
2020-08-21-12:15:18 INFO  Click Buy Now
2020-08-21-12:15:26 INFO  Click Secure Checkout
2020-08-21-12:15:27 INFO  --- Ending OrderFilter ---
2020-08-21-12:15:30 INFO  Enter Gift Card info
2020-08-21-12:15:49 INFO  Submit Gift Card payment
2020-08-21-12:16:08 INFO  Close PopoUp
2020-08-21-12:16:08 INFO  ----- Ending WebOrderGiftCard -----
2020-08-21-12:16:08 INFO  ---------------------------
2020-08-21-12:16:08 INFO  Ending Web Orders
2020-08-21-12:16:08 INFO  ---------------------------
2020-08-21-12:16:08 INFO  -------------------------------
2020-08-21-12:16:08 INFO  Starting Phone Orders
2020-08-21-12:16:08 INFO  -------------------------------
2020-08-21-12:16:14 INFO  ----- Starting PhoneOrderCC -----
2020-08-21-12:16:14 INFO  Starting Phone Order Base
2020-08-21-12:16:18 INFO  Search for name of Customer
2020-08-21-12:16:21 INFO  Select Customer found
2020-08-21-12:16:32 INFO  Hit Continue
2020-08-21-12:16:35 INFO  Search for a Filter
2020-08-21-12:16:47 INFO  Select Filter
2020-08-21-12:17:04 INFO  Add Filter to cart
2020-08-21-12:17:04 INFO  Hit Continue
2020-08-21-12:17:11 INFO  Ending Phone Order Base
2020-08-21-12:17:11 INFO  Click Submit
2020-08-21-12:17:14 INFO  ----- Ending PhoneOrderCC -----
2020-08-21-12:17:14 INFO  ----- Starting PhoneOrderMailingCheck -----
2020-08-21-12:17:14 INFO  Starting Phone Order Base
2020-08-21-12:17:19 INFO  Search for name of Customer
2020-08-21-12:17:21 INFO  Select Customer found
2020-08-21-12:17:32 INFO  Hit Continue
2020-08-21-12:17:35 INFO  Search for a Filter
2020-08-21-12:17:47 INFO  Select Filter
2020-08-21-12:18:03 INFO  Add Filter to cart
2020-08-21-12:18:03 INFO  Hit Continue
2020-08-21-12:18:08 INFO  Ending Phone Order Base
2020-08-21-12:18:08 INFO  Select Mail Check order option and submit order
2020-08-21-12:18:11 INFO  ----- Ending PhoneOrderMailingCheck -----
2020-08-21-12:18:11 INFO  ----- Starting PhoneOrderManualSplitPayment -----
2020-08-21-12:18:11 INFO  Starting Phone Order Base
2020-08-21-12:18:15 INFO  Search for name of Customer
2020-08-21-12:18:18 INFO  Select Customer found
2020-08-21-12:18:29 INFO  Hit Continue
2020-08-21-12:18:32 INFO  Search for a Filter
2020-08-21-12:18:44 INFO  Select Filter
2020-08-21-12:18:59 INFO  Add Filter to cart
2020-08-21-12:18:59 INFO  Hit Continue
2020-08-21-12:19:04 INFO  Ending Phone Order Base
2020-08-21-12:19:04 INFO  Select Manual or Split Payment option and submit order
2020-08-21-12:19:07 INFO  ----- Ending PhoneOrderManualSplitPayment -----
2020-08-21-12:19:07 INFO  ----- Starting PhoneOrderNoPaymentRequired -----
2020-08-21-12:19:07 INFO  Starting Phone Order Base
2020-08-21-12:19:11 INFO  Search for name of Customer
2020-08-21-12:19:14 INFO  Select Customer found
2020-08-21-12:19:25 INFO  Hit Continue
2020-08-21-12:19:27 INFO  Search for a Filter
2020-08-21-12:19:39 INFO  Select Filter
2020-08-21-12:19:55 INFO  Add Filter to cart
2020-08-21-12:19:55 INFO  Hit Continue
2020-08-21-12:20:01 INFO  Ending Phone Order Base
2020-08-21-12:20:01 INFO  Select No Payment Required option and submit order
2020-08-21-12:20:04 INFO  ----- Ending PhoneOrderNoPaymentRequired -----
2020-08-21-12:20:04 INFO  ----- Starting PhoneOrderECheck
2020-08-21-12:20:04 INFO  Starting Phone Order Base
2020-08-21-12:20:08 INFO  Search for name of Customer
2020-08-21-12:20:10 INFO  Select Customer found
2020-08-21-12:20:21 INFO  Hit Continue
2020-08-21-12:20:24 INFO  Search for a Filter
2020-08-21-12:20:36 INFO  Select Filter
2020-08-21-12:20:52 INFO  Add Filter to cart
2020-08-21-12:20:52 INFO  Hit Continue
2020-08-21-12:20:57 INFO  Ending Phone Order Base
2020-08-21-12:20:57 INFO  Enter E-Check option and info
2020-08-21-12:20:57 INFO  Click Submit
2020-08-21-12:21:01 INFO  ----- Ending PhoneOrderECheck
2020-08-21-12:21:01 INFO  ----- Starting PhoneOderGiftCard -----
2020-08-21-12:21:01 INFO  Starting Phone Order Base
2020-08-21-12:21:06 INFO  Search for name of Customer
2020-08-21-12:21:08 INFO  Select Customer found
2020-08-21-12:21:19 INFO  Hit Continue
2020-08-21-12:21:22 INFO  Search for a Filter
2020-08-21-12:21:34 INFO  Select Filter
2020-08-21-12:21:50 INFO  Add Filter to cart
2020-08-21-12:21:50 INFO  Hit Continue
2020-08-21-12:21:55 INFO  Ending Phone Order Base
2020-08-21-12:21:55 INFO  Select Gift Card option and enter info
2020-08-21-12:21:57 INFO  Click Gist Code Submit button
2020-08-21-12:22:02 INFO  ----- Ending PhoneOrderGiftCard -----
2020-08-21-12:22:02 INFO  ----------------------------
2020-08-21-12:22:02 INFO  Ending Phone Orders
2020-08-21-12:22:02 INFO  ----------------------------
