Starting ChromeDriver 83.0.4103.39 (ccbf011cb2d2b19b506d844400483861342c20cd-refs/branch-heads/4103@{#416}) on port 11311
Only local connections are allowed.
Please see https://chromedriver.chromium.org/security-considerations for suggestions on keeping ChromeDriver safe.
ChromeDriver was started successfully.
Jul 20, 2020 4:20:00 PM org.openqa.selenium.remote.ProtocolHandshake createSession
INFO: Detected dialect: W3C
2020-07-20 16:20:00,657 INFO  - *******************************************************************************************
2020-07-20 16:20:00,660 INFO  - *******************************************************************************************
2020-07-20 16:20:00,661 INFO  -                     Regression Suite One Existing Account
2020-07-20 16:20:00,661 INFO  - *******************************************************************************************
2020-07-20 16:20:00,661 INFO  - *******************************************************************************************
2020-07-20 16:20:02,852 INFO  - Date-Time stamp for regression suite test run: 2020-07-20-1620_RegressionSuiteOneExAcct.log
2020-07-20 16:20:02,852 INFO  - ----------------------------
2020-07-20 16:20:02,852 INFO  - Starting Web Orders
2020-07-20 16:20:02,852 INFO  - ----------------------------
2020-07-20 16:20:06,723 INFO  - Login to Website
2020-07-20 16:20:16,146 INFO  - ----- Starting WebOrderCC -----
2020-07-20 16:20:16,155 INFO  - Add a filter to the order
2020-07-20 16:20:16,167 INFO  - Starting OrderFilter
2020-07-20 16:20:16,167 INFO  - Search for a filter
2020-07-20 16:20:37,971 INFO  - Click Buy Now
2020-07-20 16:20:47,462 INFO  - Click Secure Checkout
2020-07-20 16:20:47,801 INFO  - Ending OrderFilter
2020-07-20 16:21:52,122 INFO  - Close PopUp
2020-07-20 16:21:52,122 INFO  - ----- Ending WebOderCC -----
2020-07-20 16:21:52,123 INFO  - ----- Starting WebOrderGiftCard -----
2020-07-20 16:21:52,126 INFO  - Add a filter to the order
2020-07-20 16:21:52,130 INFO  - Starting OrderFilter
2020-07-20 16:21:52,130 INFO  - Search for a filter
2020-07-20 16:21:59,277 INFO  - Click Buy Now
2020-07-20 16:22:23,639 INFO  - Click Secure Checkout
2020-07-20 16:22:26,551 INFO  - Ending OrderFilter
2020-07-20 16:22:29,560 INFO  - Enter Gift Card info
2020-07-20 16:22:44,734 INFO  - Submit Gift Card payment
2020-07-20 16:22:52,257 INFO  - Close PopoUp
2020-07-20 16:22:52,328 INFO  - ----- Ending WebOrderGiftCard -----
2020-07-20 16:22:52,328 INFO  - ---------------------------
2020-07-20 16:22:52,329 INFO  - Ending Web Orders
2020-07-20 16:22:52,329 INFO  - ---------------------------
2020-07-20 16:22:52,329 INFO  - -------------------------------
2020-07-20 16:22:52,329 INFO  - Starting Phone Orders
2020-07-20 16:22:52,329 INFO  - -------------------------------
2020-07-20 16:22:54,875 INFO  - ----- Starting PhoneOrderCC -----
2020-07-20 16:22:54,877 INFO  - Starting Phone Order Base
2020-07-20 16:22:58,900 INFO  - Search for name of Customer
2020-07-20 16:22:59,602 INFO  - Select Customer found
2020-07-20 16:23:01,036 INFO  - Hit Continue
2020-07-20 16:23:21,548 INFO  - Ending Phone Order Base
2020-07-20 16:23:21,549 INFO  - Click Submit
2020-07-20 16:23:25,221 INFO  - ----- Ending PhoneOrderCC -----
2020-07-20 16:23:25,221 INFO  - ----- Starting PhoneOrderMailingCheck -----
2020-07-20 16:23:25,222 INFO  - Starting Phone Order Base
2020-07-20 16:23:29,106 INFO  - Search for name of Customer
2020-07-20 16:23:29,566 INFO  - Select Customer found
2020-07-20 16:23:30,124 INFO  - Hit Continue
2020-07-20 16:23:50,261 INFO  - Ending Phone Order Base
2020-07-20 16:23:50,261 INFO  - Select Mail Check order option and submit order
2020-07-20 16:23:52,582 INFO  - ----- Ending PhoneOrderMailingCheck -----
2020-07-20 16:23:52,583 INFO  - ----- Starting PhoneOrderManualSplitPayment -----
2020-07-20 16:23:52,583 INFO  - Starting Phone Order Base
2020-07-20 16:23:56,522 INFO  - Search for name of Customer
2020-07-20 16:23:57,029 INFO  - Select Customer found
2020-07-20 16:23:57,589 INFO  - Hit Continue
2020-07-20 16:24:17,460 INFO  - Ending Phone Order Base
2020-07-20 16:24:17,461 INFO  - Select Manual or Split Payment option and submit order
2020-07-20 16:24:20,177 INFO  - ----- Ending PhoneOrderManualSplitPayment -----
2020-07-20 16:24:20,178 INFO  - ----- Starting PhoneOrderNoPaymentRequired -----
2020-07-20 16:24:20,178 INFO  - Starting Phone Order Base
2020-07-20 16:24:24,054 INFO  - Search for name of Customer
2020-07-20 16:24:24,475 INFO  - Select Customer found
2020-07-20 16:24:25,018 INFO  - Hit Continue
2020-07-20 16:24:44,491 INFO  - Ending Phone Order Base
2020-07-20 16:24:44,491 INFO  - Select No Payment Required option and submit order
2020-07-20 16:24:47,035 INFO  - ----- Ending PhoneOrderNoPaymentRequired -----
2020-07-20 16:24:47,036 INFO  - ----- Starting PhoneOrderECheck
2020-07-20 16:24:47,037 INFO  - Starting Phone Order Base
2020-07-20 16:24:50,968 INFO  - Search for name of Customer
2020-07-20 16:24:51,433 INFO  - Select Customer found
2020-07-20 16:24:52,010 INFO  - Hit Continue
2020-07-20 16:25:13,562 INFO  - Ending Phone Order Base
2020-07-20 16:25:13,563 INFO  - Enter E-Check option and info
2020-07-20 16:25:13,845 INFO  - Click Submit
2020-07-20 16:25:16,996 INFO  - ----- Ending PhoneOrderECheck
2020-07-20 16:25:16,997 INFO  - ----- Starting PhoneOderGiftCard -----
2020-07-20 16:25:16,998 INFO  - Starting Phone Order Base
2020-07-20 16:25:20,838 INFO  - Search for name of Customer
2020-07-20 16:25:21,310 INFO  - Select Customer found
2020-07-20 16:25:21,882 INFO  - Hit Continue
2020-07-20 16:25:41,890 INFO  - Ending Phone Order Base
2020-07-20 16:25:41,890 INFO  - Select Gift Card option and enter info
2020-07-20 16:25:43,668 INFO  - Click Gist Code Submit button
2020-07-20 16:25:46,045 INFO  - ----- Ending PhoneOrderGiftCard -----
2020-07-20 16:25:46,046 INFO  - ----------------------------
2020-07-20 16:25:46,046 INFO  - Ending Phone Orders
2020-07-20 16:25:46,046 INFO  - ----------------------------
2020-07-20 16:25:46,053 INFO  - XXXXXXXXXXXXXXXXXXXXXXXXXXXXXXXXXXXXXXXXXXXXXXXXXXXXXXXXXXXXXXXXXXXXXXXXXXXXXXXXXXXXXXXXXXXXXXX
2020-07-20 16:25:46,054 INFO  -              Ending Regression Suite One Existing Account
2020-07-20 16:25:46,054 INFO  - XXXXXXXXXXXXXXXXXXXXXXXXXXXXXXXXXXXXXXXXXXXXXXXXXXXXXXXXXXXXXXXXXXXXXXXXXXXXXXXXXXXXXXXXXXXXXXX
