Starting ChromeDriver 83.0.4103.39 (ccbf011cb2d2b19b506d844400483861342c20cd-refs/branch-heads/4103@{#416}) on port 41612
Only local connections are allowed.
Please see https://chromedriver.chromium.org/security-considerations for suggestions on keeping ChromeDriver safe.
ChromeDriver was started successfully.
[1597942997.100][WARNING]: This version of ChromeDriver has not been tested with Chrome version 84.
Aug 20, 2020 11:03:19 AM org.openqa.selenium.remote.ProtocolHandshake createSession
INFO: Detected dialect: W3C
2020-08-20-11:03:19 INFO  *******************************************************************************************
2020-08-20-11:03:19 INFO  *******************************************************************************************
2020-08-20-11:03:19 INFO                      Regression Suite One Existing Account
2020-08-20-11:03:19 INFO  *******************************************************************************************
2020-08-20-11:03:19 INFO  *******************************************************************************************
2020-08-20-11:03:21 INFO  Date-Time stamp for regression suite test run: 2020-08-20-1103_RegressionSuiteOneExAcct.log
2020-08-20-11:03:21 INFO  ----------------------------
2020-08-20-11:03:21 INFO  Starting Web Orders
2020-08-20-11:03:21 INFO  ----------------------------
2020-08-20-11:03:25 INFO  Login to Website
2020-08-20-11:03:35 INFO  ----- Starting WebOrderCC -----
2020-08-20-11:03:35 INFO  Add a filter to the order
2020-08-20-11:03:35 INFO  --- Starting OrderFilter ---
2020-08-20-11:03:35 INFO  Search for a filter
2020-08-20-11:03:41 INFO  Click Buy Now
2020-08-20-11:03:53 INFO  Click Secure Checkout
2020-08-20-11:03:53 INFO  --- Ending OrderFilter ---
2020-08-20-11:04:57 INFO  Close PopUp
2020-08-20-11:04:57 INFO  ----- Ending WebOderCC -----
2020-08-20-11:04:57 INFO  ----- Starting WebOrderGiftCard -----
2020-08-20-11:04:57 INFO  Add a filter to the order
2020-08-20-11:04:57 INFO  --- Starting OrderFilter ---
2020-08-20-11:04:57 INFO  Search for a filter
2020-08-20-11:05:04 INFO  Click Buy Now
2020-08-20-11:05:15 INFO  Click Secure Checkout
2020-08-20-11:05:15 INFO  --- Ending OrderFilter ---
2020-08-20-11:05:18 INFO  Enter Gift Card info
2020-08-20-11:05:34 INFO  Submit Gift Card payment
2020-08-20-11:05:41 INFO  Close PopoUp
2020-08-20-11:05:41 INFO  ----- Ending WebOrderGiftCard -----
2020-08-20-11:05:41 INFO  ---------------------------
2020-08-20-11:05:41 INFO  Ending Web Orders
2020-08-20-11:05:41 INFO  ---------------------------
2020-08-20-11:05:41 INFO  -------------------------------
2020-08-20-11:05:41 INFO  Starting Phone Orders
2020-08-20-11:05:41 INFO  -------------------------------
2020-08-20-11:05:44 INFO  ----- Starting PhoneOrderCC -----
2020-08-20-11:05:44 INFO  Starting Phone Order Base
2020-08-20-11:05:48 INFO  Search for name of Customer
2020-08-20-11:05:50 INFO  Select Customer found
2020-08-20-11:06:01 INFO  Hit Continue
2020-08-20-11:06:04 INFO  Search for a Filter
2020-08-20-11:06:16 INFO  Select Filter
2020-08-20-11:06:31 INFO  Add Filter to cart
2020-08-20-11:06:31 INFO  Hit Continue
2020-08-20-11:06:36 INFO  Ending Phone Order Base
2020-08-20-11:06:36 INFO  Click Submit
2020-08-20-11:06:41 INFO  ----- Ending PhoneOrderCC -----
2020-08-20-11:06:41 INFO  ----- Starting PhoneOrderMailingCheck -----
2020-08-20-11:06:41 INFO  Starting Phone Order Base
2020-08-20-11:06:45 INFO  Search for name of Customer
2020-08-20-11:06:48 INFO  Select Customer found
2020-08-20-11:06:58 INFO  Hit Continue
2020-08-20-11:07:01 INFO  Search for a Filter
2020-08-20-11:07:13 INFO  Select Filter
2020-08-20-11:07:28 INFO  Add Filter to cart
2020-08-20-11:07:28 INFO  Hit Continue
2020-08-20-11:07:32 INFO  Ending Phone Order Base
2020-08-20-11:07:32 INFO  Select Mail Check order option and submit order
2020-08-20-11:07:35 INFO  ----- Ending PhoneOrderMailingCheck -----
2020-08-20-11:07:35 INFO  ----- Starting PhoneOrderManualSplitPayment -----
2020-08-20-11:07:35 INFO  Starting Phone Order Base
2020-08-20-11:07:39 INFO  Search for name of Customer
2020-08-20-11:07:42 INFO  Select Customer found
2020-08-20-11:07:52 INFO  Hit Continue
2020-08-20-11:07:54 INFO  Search for a Filter
2020-08-20-11:08:07 INFO  Select Filter
2020-08-20-11:08:22 INFO  Add Filter to cart
2020-08-20-11:08:22 INFO  Hit Continue
2020-08-20-11:08:26 INFO  Ending Phone Order Base
2020-08-20-11:08:26 INFO  Select Manual or Split Payment option and submit order
2020-08-20-11:08:29 INFO  ----- Ending PhoneOrderManualSplitPayment -----
2020-08-20-11:08:29 INFO  ----- Starting PhoneOrderNoPaymentRequired -----
2020-08-20-11:08:29 INFO  Starting Phone Order Base
2020-08-20-11:08:33 INFO  Search for name of Customer
2020-08-20-11:08:35 INFO  Select Customer found
2020-08-20-11:08:46 INFO  Hit Continue
2020-08-20-11:08:48 INFO  Search for a Filter
2020-08-20-11:09:00 INFO  Select Filter
2020-08-20-11:09:16 INFO  Add Filter to cart
2020-08-20-11:09:16 INFO  Hit Continue
2020-08-20-11:09:21 INFO  Ending Phone Order Base
2020-08-20-11:09:21 INFO  Select No Payment Required option and submit order
2020-08-20-11:09:23 INFO  ----- Ending PhoneOrderNoPaymentRequired -----
2020-08-20-11:09:23 INFO  ----- Starting PhoneOrderECheck
2020-08-20-11:09:23 INFO  Starting Phone Order Base
2020-08-20-11:09:27 INFO  Search for name of Customer
2020-08-20-11:09:30 INFO  Select Customer found
2020-08-20-11:09:40 INFO  Hit Continue
2020-08-20-11:09:43 INFO  Search for a Filter
2020-08-20-11:09:55 INFO  Select Filter
2020-08-20-11:10:10 INFO  Add Filter to cart
2020-08-20-11:10:10 INFO  Hit Continue
2020-08-20-11:10:14 INFO  Ending Phone Order Base
2020-08-20-11:10:14 INFO  Enter E-Check option and info
2020-08-20-11:10:14 INFO  Click Submit
2020-08-20-11:10:18 INFO  ----- Ending PhoneOrderECheck
2020-08-20-11:10:18 INFO  ----- Starting PhoneOderGiftCard -----
2020-08-20-11:10:18 INFO  Starting Phone Order Base
2020-08-20-11:10:22 INFO  Search for name of Customer
2020-08-20-11:10:24 INFO  Select Customer found
2020-08-20-11:10:35 INFO  Hit Continue
2020-08-20-11:10:37 INFO  Search for a Filter
2020-08-20-11:10:49 INFO  Select Filter
2020-08-20-11:11:05 INFO  Add Filter to cart
2020-08-20-11:11:05 INFO  Hit Continue
2020-08-20-11:11:10 INFO  Ending Phone Order Base
2020-08-20-11:11:10 INFO  Select Gift Card option and enter info
2020-08-20-11:11:12 INFO  Click Gist Code Submit button
2020-08-20-11:11:14 INFO  ----- Ending PhoneOrderGiftCard -----
2020-08-20-11:11:14 INFO  ----------------------------
2020-08-20-11:11:14 INFO  Ending Phone Orders
2020-08-20-11:11:14 INFO  ----------------------------
